<<<<<<< HEAD
2024-10-08T04:18:01+00:00 WARNING Empty patterns received from the PTK Pattern Store
2024-10-08T04:18:14+00:00 WARNING Empty patterns received from the PTK Pattern Store
2024-10-08T04:18:15+00:00 WARNING Empty patterns received from the PTK Pattern Store
2024-10-08T04:18:15+00:00 WARNING Empty patterns received from the PTK Pattern Store
2024-10-08T04:18:17+00:00 WARNING Empty patterns received from the PTK Pattern Store
2024-10-08T04:18:22+00:00 WARNING Empty patterns received from the PTK Pattern Store
2024-10-08T04:18:22+00:00 WARNING Empty patterns received from the PTK Pattern Store
2024-10-08T04:18:22+00:00 WARNING Empty patterns received from the PTK Pattern Store
2024-10-08T04:18:23+00:00 WARNING Empty patterns received from the PTK Pattern Store
2024-10-08T04:18:23+00:00 WARNING Empty patterns received from the PTK Pattern Store
2024-10-08T04:18:28+00:00 WARNING Empty patterns received from the PTK Pattern Store
2024-10-08T04:18:29+00:00 WARNING Empty patterns received from the PTK Pattern Store
2024-10-08T04:18:35+00:00 WARNING Empty patterns received from the PTK Pattern Store
2024-10-08T04:18:36+00:00 WARNING Empty patterns received from the PTK Pattern Store
2024-10-08T04:18:53+00:00 WARNING Empty patterns received from the PTK Pattern Store
2024-10-08T04:18:54+00:00 WARNING Empty patterns received from the PTK Pattern Store
2024-10-08T04:18:54+00:00 WARNING Empty patterns received from the PTK Pattern Store
2024-10-08T04:18:55+00:00 WARNING Empty patterns received from the PTK Pattern Store
2024-10-08T04:18:57+00:00 WARNING Empty patterns received from the PTK Pattern Store
2024-10-08T04:18:58+00:00 WARNING Empty patterns received from the PTK Pattern Store
2024-10-08T04:19:00+00:00 WARNING Empty patterns received from the PTK Pattern Store
2024-10-08T04:19:04+00:00 WARNING Empty patterns received from the PTK Pattern Store
2024-10-08T04:19:04+00:00 WARNING Empty patterns received from the PTK Pattern Store
2024-10-08T04:19:04+00:00 WARNING Empty patterns received from the PTK Pattern Store
2024-10-08T04:19:04+00:00 WARNING Empty patterns received from the PTK Pattern Store
2024-10-08T04:19:04+00:00 WARNING Empty patterns received from the PTK Pattern Store
2024-10-08T04:19:04+00:00 WARNING Empty patterns received from the PTK Pattern Store
2024-10-08T04:19:05+00:00 WARNING Empty patterns received from the PTK Pattern Store
2024-10-08T04:19:05+00:00 WARNING Empty patterns received from the PTK Pattern Store
2024-10-08T04:19:05+00:00 WARNING Empty patterns received from the PTK Pattern Store
2024-10-08T04:19:05+00:00 WARNING Empty patterns received from the PTK Pattern Store
2024-10-08T04:19:05+00:00 WARNING Empty patterns received from the PTK Pattern Store
2024-10-08T04:19:05+00:00 WARNING Empty patterns received from the PTK Pattern Store
2024-10-08T04:19:06+00:00 WARNING Empty patterns received from the PTK Pattern Store
2024-10-08T04:19:06+00:00 WARNING Empty patterns received from the PTK Pattern Store
2024-10-08T04:19:07+00:00 WARNING Empty patterns received from the PTK Pattern Store
2024-10-08T04:19:19+00:00 WARNING Empty patterns received from the PTK Pattern Store
2024-10-08T04:19:19+00:00 WARNING Empty patterns received from the PTK Pattern Store
2024-10-08T04:19:31+00:00 INFO Payment gateway enabled: "Cash on delivery"
2024-10-08T04:36:58+00:00 WARNING Empty patterns received from the PTK Pattern Store
2024-10-08T04:36:59+00:00 WARNING Empty patterns received from the PTK Pattern Store
2024-10-08T04:37:08+00:00 WARNING Empty patterns received from the PTK Pattern Store
2024-10-08T04:37:12+00:00 WARNING Empty patterns received from the PTK Pattern Store
2024-10-08T04:37:21+00:00 WARNING Empty patterns received from the PTK Pattern Store
2024-10-08T04:38:22+00:00 WARNING Empty patterns received from the PTK Pattern Store
2024-10-08T04:38:23+00:00 WARNING Empty patterns received from the PTK Pattern Store
2024-10-08T04:38:23+00:00 WARNING Empty patterns received from the PTK Pattern Store
2024-10-08T04:38:25+00:00 WARNING Empty patterns received from the PTK Pattern Store
2024-10-08T04:38:33+00:00 WARNING Empty patterns received from the PTK Pattern Store
2024-10-08T04:38:45+00:00 WARNING Empty patterns received from the PTK Pattern Store
2024-10-08T04:38:47+00:00 WARNING Empty patterns received from the PTK Pattern Store
2024-10-08T04:38:51+00:00 WARNING Empty patterns received from the PTK Pattern Store
2024-10-08T04:38:57+00:00 WARNING Empty patterns received from the PTK Pattern Store
2024-10-08T04:39:38+00:00 WARNING Empty patterns received from the PTK Pattern Store
2024-10-08T04:39:39+00:00 WARNING Empty patterns received from the PTK Pattern Store
2024-10-08T04:39:45+00:00 WARNING Empty patterns received from the PTK Pattern Store
2024-10-08T04:40:01+00:00 WARNING Empty patterns received from the PTK Pattern Store
2024-10-08T04:40:02+00:00 WARNING Empty patterns received from the PTK Pattern Store
2024-10-08T04:40:08+00:00 WARNING Empty patterns received from the PTK Pattern Store
2024-10-08T04:40:13+00:00 WARNING Empty patterns received from the PTK Pattern Store
2024-10-08T04:40:14+00:00 WARNING Empty patterns received from the PTK Pattern Store
2024-10-08T04:40:21+00:00 WARNING Empty patterns received from the PTK Pattern Store
2024-10-08T04:40:33+00:00 WARNING Empty patterns received from the PTK Pattern Store
2024-10-08T04:40:47+00:00 WARNING Empty patterns received from the PTK Pattern Store
2024-10-08T04:40:48+00:00 WARNING Empty patterns received from the PTK Pattern Store
2024-10-08T04:40:49+00:00 WARNING Empty patterns received from the PTK Pattern Store
2024-10-08T04:40:54+00:00 WARNING Empty patterns received from the PTK Pattern Store
2024-10-08T04:41:04+00:00 WARNING Empty patterns received from the PTK Pattern Store
2024-10-08T04:41:05+00:00 WARNING Empty patterns received from the PTK Pattern Store
2024-10-08T04:41:11+00:00 WARNING Empty patterns received from the PTK Pattern Store
2024-10-08T04:41:11+00:00 WARNING Empty patterns received from the PTK Pattern Store
2024-10-08T04:41:18+00:00 WARNING Empty patterns received from the PTK Pattern Store
2024-10-08T04:41:19+00:00 WARNING Empty patterns received from the PTK Pattern Store
2024-10-08T04:41:20+00:00 WARNING Empty patterns received from the PTK Pattern Store
2024-10-08T04:41:38+00:00 WARNING Empty patterns received from the PTK Pattern Store
2024-10-08T04:41:41+00:00 WARNING Empty patterns received from the PTK Pattern Store
2024-10-08T04:41:47+00:00 WARNING Empty patterns received from the PTK Pattern Store
2024-10-08T04:41:48+00:00 WARNING Empty patterns received from the PTK Pattern Store
2024-10-08T04:41:55+00:00 WARNING Empty patterns received from the PTK Pattern Store
2024-10-08T04:42:05+00:00 WARNING Empty patterns received from the PTK Pattern Store
2024-10-08T04:42:06+00:00 WARNING Empty patterns received from the PTK Pattern Store
2024-10-08T04:42:07+00:00 WARNING Empty patterns received from the PTK Pattern Store
2024-10-08T04:42:14+00:00 WARNING Empty patterns received from the PTK Pattern Store
2024-10-08T04:43:13+00:00 WARNING Empty patterns received from the PTK Pattern Store
2024-10-08T04:43:14+00:00 WARNING Empty patterns received from the PTK Pattern Store
2024-10-08T04:43:15+00:00 WARNING Empty patterns received from the PTK Pattern Store
2024-10-08T04:44:13+00:00 WARNING Empty patterns received from the PTK Pattern Store
2024-10-08T04:44:14+00:00 WARNING Empty patterns received from the PTK Pattern Store
2024-10-08T04:45:08+00:00 WARNING Empty patterns received from the PTK Pattern Store
2024-10-08T04:45:09+00:00 WARNING Empty patterns received from the PTK Pattern Store
2024-10-08T04:45:14+00:00 WARNING Empty patterns received from the PTK Pattern Store
2024-10-08T04:45:40+00:00 WARNING Empty patterns received from the PTK Pattern Store
2024-10-08T04:46:01+00:00 WARNING Empty patterns received from the PTK Pattern Store
2024-10-08T04:46:02+00:00 WARNING Empty patterns received from the PTK Pattern Store
2024-10-08T04:46:04+00:00 WARNING Empty patterns received from the PTK Pattern Store
2024-10-08T04:46:13+00:00 WARNING Empty patterns received from the PTK Pattern Store
2024-10-08T04:46:15+00:00 WARNING Empty patterns received from the PTK Pattern Store
2024-10-08T04:46:15+00:00 WARNING Empty patterns received from the PTK Pattern Store
2024-10-08T04:46:22+00:00 WARNING Empty patterns received from the PTK Pattern Store
2024-10-08T04:46:35+00:00 WARNING Empty patterns received from the PTK Pattern Store
2024-10-08T04:46:53+00:00 WARNING Empty patterns received from the PTK Pattern Store
2024-10-08T04:46:54+00:00 WARNING Empty patterns received from the PTK Pattern Store
2024-10-08T04:46:58+00:00 WARNING Empty patterns received from the PTK Pattern Store
2024-10-08T04:46:58+00:00 WARNING Empty patterns received from the PTK Pattern Store
2024-10-08T04:46:58+00:00 WARNING Empty patterns received from the PTK Pattern Store
2024-10-08T04:46:58+00:00 WARNING Empty patterns received from the PTK Pattern Store
2024-10-08T04:46:58+00:00 WARNING Empty patterns received from the PTK Pattern Store
2024-10-08T04:46:58+00:00 WARNING Empty patterns received from the PTK Pattern Store
2024-10-08T04:46:59+00:00 WARNING Empty patterns received from the PTK Pattern Store
2024-10-08T04:47:00+00:00 WARNING Empty patterns received from the PTK Pattern Store
2024-10-08T04:47:03+00:00 WARNING Empty patterns received from the PTK Pattern Store
2024-10-08T04:47:03+00:00 WARNING Empty patterns received from the PTK Pattern Store
2024-10-08T04:47:15+00:00 WARNING Empty patterns received from the PTK Pattern Store
2024-10-08T04:47:15+00:00 WARNING Empty patterns received from the PTK Pattern Store
2024-10-08T04:47:15+00:00 WARNING Empty patterns received from the PTK Pattern Store
2024-10-08T04:47:19+00:00 WARNING Empty patterns received from the PTK Pattern Store
2024-10-08T04:47:22+00:00 WARNING Empty patterns received from the PTK Pattern Store
2024-10-08T04:47:31+00:00 WARNING Empty patterns received from the PTK Pattern Store
2024-10-08T04:48:03+00:00 WARNING Empty patterns received from the PTK Pattern Store
2024-10-08T04:48:04+00:00 WARNING Empty patterns received from the PTK Pattern Store
2024-10-08T04:48:04+00:00 WARNING Empty patterns received from the PTK Pattern Store
2024-10-08T04:48:04+00:00 WARNING Empty patterns received from the PTK Pattern Store
2024-10-08T04:48:05+00:00 WARNING Empty patterns received from the PTK Pattern Store
2024-10-08T04:48:05+00:00 WARNING Empty patterns received from the PTK Pattern Store
2024-10-08T04:48:10+00:00 WARNING Empty patterns received from the PTK Pattern Store
2024-10-08T04:48:14+00:00 WARNING Empty patterns received from the PTK Pattern Store
2024-10-08T04:48:18+00:00 WARNING Empty patterns received from the PTK Pattern Store
2024-10-08T04:48:19+00:00 WARNING Empty patterns received from the PTK Pattern Store
2024-10-08T04:48:33+00:00 WARNING Empty patterns received from the PTK Pattern Store
2024-10-08T04:48:38+00:00 WARNING Empty patterns received from the PTK Pattern Store
2024-10-08T04:48:43+00:00 WARNING Empty patterns received from the PTK Pattern Store
2024-10-08T04:48:51+00:00 WARNING Empty patterns received from the PTK Pattern Store
2024-10-08T04:49:07+00:00 WARNING Empty patterns received from the PTK Pattern Store
2024-10-08T04:49:08+00:00 WARNING Empty patterns received from the PTK Pattern Store
2024-10-08T04:49:09+00:00 WARNING Empty patterns received from the PTK Pattern Store
2024-10-08T04:49:13+00:00 WARNING Empty patterns received from the PTK Pattern Store
2024-10-08T04:49:14+00:00 WARNING Empty patterns received from the PTK Pattern Store
2024-10-08T04:49:16+00:00 WARNING Empty patterns received from the PTK Pattern Store
2024-10-08T04:49:16+00:00 WARNING Empty patterns received from the PTK Pattern Store
2024-10-08T04:49:16+00:00 WARNING Empty patterns received from the PTK Pattern Store
2024-10-08T04:49:16+00:00 WARNING Empty patterns received from the PTK Pattern Store
2024-10-08T04:49:16+00:00 WARNING Empty patterns received from the PTK Pattern Store
2024-10-08T04:49:16+00:00 WARNING Empty patterns received from the PTK Pattern Store
2024-10-08T04:49:18+00:00 WARNING Empty patterns received from the PTK Pattern Store
2024-10-08T04:49:20+00:00 WARNING Empty patterns received from the PTK Pattern Store
2024-10-08T04:49:20+00:00 WARNING Empty patterns received from the PTK Pattern Store
2024-10-08T04:49:21+00:00 WARNING Empty patterns received from the PTK Pattern Store
2024-10-08T04:49:21+00:00 WARNING Empty patterns received from the PTK Pattern Store
2024-10-08T04:49:21+00:00 WARNING Empty patterns received from the PTK Pattern Store
2024-10-08T04:49:22+00:00 WARNING Empty patterns received from the PTK Pattern Store
2024-10-08T04:49:26+00:00 WARNING Empty patterns received from the PTK Pattern Store
2024-10-08T04:49:30+00:00 WARNING Empty patterns received from the PTK Pattern Store
2024-10-08T04:49:32+00:00 WARNING Empty patterns received from the PTK Pattern Store
2024-10-08T04:49:33+00:00 WARNING Empty patterns received from the PTK Pattern Store
2024-10-08T04:49:33+00:00 WARNING Empty patterns received from the PTK Pattern Store
2024-10-08T04:49:33+00:00 WARNING Empty patterns received from the PTK Pattern Store
2024-10-08T04:49:35+00:00 WARNING Empty patterns received from the PTK Pattern Store
2024-10-08T04:49:37+00:00 WARNING Empty patterns received from the PTK Pattern Store
2024-10-08T04:49:40+00:00 WARNING Empty patterns received from the PTK Pattern Store
2024-10-08T04:49:51+00:00 WARNING Empty patterns received from the PTK Pattern Store
2024-10-08T04:49:51+00:00 WARNING Empty patterns received from the PTK Pattern Store
2024-10-08T04:49:53+00:00 WARNING Empty patterns received from the PTK Pattern Store
2024-10-08T04:49:53+00:00 WARNING Empty patterns received from the PTK Pattern Store
2024-10-08T04:49:53+00:00 WARNING Empty patterns received from the PTK Pattern Store
2024-10-08T04:49:54+00:00 WARNING Empty patterns received from the PTK Pattern Store
2024-10-08T04:49:55+00:00 WARNING Empty patterns received from the PTK Pattern Store
2024-10-08T04:50:02+00:00 WARNING Empty patterns received from the PTK Pattern Store
2024-10-08T04:50:03+00:00 WARNING Empty patterns received from the PTK Pattern Store
2024-10-08T04:50:32+00:00 WARNING Empty patterns received from the PTK Pattern Store
2024-10-08T04:50:34+00:00 WARNING Empty patterns received from the PTK Pattern Store
2024-10-08T04:50:35+00:00 WARNING Empty patterns received from the PTK Pattern Store
2024-10-08T04:50:40+00:00 WARNING Empty patterns received from the PTK Pattern Store
2024-10-08T04:50:42+00:00 WARNING Empty patterns received from the PTK Pattern Store
2024-10-08T04:50:49+00:00 WARNING Empty patterns received from the PTK Pattern Store
2024-10-08T04:50:50+00:00 WARNING Empty patterns received from the PTK Pattern Store
2024-10-08T04:50:57+00:00 WARNING Empty patterns received from the PTK Pattern Store
2024-10-08T04:51:03+00:00 WARNING Empty patterns received from the PTK Pattern Store
2024-10-08T04:51:04+00:00 WARNING Empty patterns received from the PTK Pattern Store
2024-10-08T04:51:17+00:00 WARNING Empty patterns received from the PTK Pattern Store
2024-10-08T04:51:18+00:00 WARNING Empty patterns received from the PTK Pattern Store
2024-10-08T04:51:24+00:00 WARNING Empty patterns received from the PTK Pattern Store
2024-10-08T04:51:27+00:00 WARNING Empty patterns received from the PTK Pattern Store
2024-10-08T04:51:30+00:00 WARNING Empty patterns received from the PTK Pattern Store
2024-10-08T04:51:32+00:00 WARNING Empty patterns received from the PTK Pattern Store
2024-10-08T04:51:32+00:00 WARNING Empty patterns received from the PTK Pattern Store
2024-10-08T04:51:34+00:00 WARNING Empty patterns received from the PTK Pattern Store
2024-10-08T04:51:34+00:00 WARNING Empty patterns received from the PTK Pattern Store
2024-10-08T04:51:35+00:00 WARNING Empty patterns received from the PTK Pattern Store
2024-10-08T04:51:38+00:00 WARNING Empty patterns received from the PTK Pattern Store
2024-10-08T04:51:38+00:00 WARNING Empty patterns received from the PTK Pattern Store
2024-10-08T04:52:05+00:00 WARNING Empty patterns received from the PTK Pattern Store
2024-10-08T04:52:08+00:00 WARNING Empty patterns received from the PTK Pattern Store
2024-10-08T04:52:20+00:00 WARNING Empty patterns received from the PTK Pattern Store
2024-10-08T04:52:26+00:00 WARNING Empty patterns received from the PTK Pattern Store
2024-10-08T04:52:35+00:00 WARNING Empty patterns received from the PTK Pattern Store
2024-10-08T04:52:37+00:00 WARNING Empty patterns received from the PTK Pattern Store
2024-10-08T04:52:43+00:00 WARNING Empty patterns received from the PTK Pattern Store
2024-10-08T04:52:55+00:00 WARNING Empty patterns received from the PTK Pattern Store
2024-10-08T04:53:01+00:00 WARNING Empty patterns received from the PTK Pattern Store
2024-10-08T04:53:02+00:00 WARNING Empty patterns received from the PTK Pattern Store
2024-10-08T04:53:03+00:00 WARNING Empty patterns received from the PTK Pattern Store
2024-10-08T04:53:04+00:00 WARNING Empty patterns received from the PTK Pattern Store
2024-10-08T04:53:04+00:00 WARNING Empty patterns received from the PTK Pattern Store
2024-10-08T04:53:07+00:00 WARNING Empty patterns received from the PTK Pattern Store
2024-10-08T04:53:14+00:00 WARNING Empty patterns received from the PTK Pattern Store
2024-10-08T04:53:16+00:00 WARNING Empty patterns received from the PTK Pattern Store
2024-10-08T04:53:16+00:00 WARNING Empty patterns received from the PTK Pattern Store
2024-10-08T04:53:16+00:00 WARNING Empty patterns received from the PTK Pattern Store
2024-10-08T04:53:16+00:00 WARNING Empty patterns received from the PTK Pattern Store
2024-10-08T04:53:16+00:00 WARNING Empty patterns received from the PTK Pattern Store
2024-10-08T04:53:16+00:00 WARNING Empty patterns received from the PTK Pattern Store
2024-10-08T04:53:17+00:00 WARNING Empty patterns received from the PTK Pattern Store
2024-10-08T04:53:21+00:00 WARNING Empty patterns received from the PTK Pattern Store
2024-10-08T04:53:26+00:00 WARNING Empty patterns received from the PTK Pattern Store
2024-10-08T04:53:26+00:00 WARNING Empty patterns received from the PTK Pattern Store
2024-10-08T04:53:33+00:00 WARNING Empty patterns received from the PTK Pattern Store
2024-10-08T04:53:42+00:00 WARNING Empty patterns received from the PTK Pattern Store
2024-10-08T04:53:52+00:00 WARNING Empty patterns received from the PTK Pattern Store
2024-10-08T04:53:59+00:00 WARNING Empty patterns received from the PTK Pattern Store
2024-10-08T04:54:00+00:00 WARNING Empty patterns received from the PTK Pattern Store
2024-10-08T04:54:00+00:00 WARNING Empty patterns received from the PTK Pattern Store
2024-10-08T04:54:01+00:00 WARNING Empty patterns received from the PTK Pattern Store
2024-10-08T04:54:05+00:00 WARNING Empty patterns received from the PTK Pattern Store
2024-10-08T04:54:12+00:00 WARNING Empty patterns received from the PTK Pattern Store
2024-10-08T04:54:16+00:00 WARNING Empty patterns received from the PTK Pattern Store
2024-10-08T04:54:22+00:00 WARNING Empty patterns received from the PTK Pattern Store
2024-10-08T04:54:27+00:00 WARNING Empty patterns received from the PTK Pattern Store
2024-10-08T04:54:33+00:00 WARNING Empty patterns received from the PTK Pattern Store
2024-10-08T04:54:34+00:00 WARNING Empty patterns received from the PTK Pattern Store
2024-10-08T04:55:11+00:00 WARNING Empty patterns received from the PTK Pattern Store
2024-10-08T04:55:12+00:00 WARNING Empty patterns received from the PTK Pattern Store
2024-10-08T04:55:13+00:00 WARNING Empty patterns received from the PTK Pattern Store
2024-10-08T04:55:28+00:00 WARNING Empty patterns received from the PTK Pattern Store
2024-10-08T04:55:34+00:00 WARNING Empty patterns received from the PTK Pattern Store
2024-10-08T04:55:43+00:00 WARNING Empty patterns received from the PTK Pattern Store
2024-10-08T04:55:49+00:00 WARNING Empty patterns received from the PTK Pattern Store
2024-10-08T04:56:01+00:00 WARNING Empty patterns received from the PTK Pattern Store
2024-10-08T04:56:02+00:00 WARNING Empty patterns received from the PTK Pattern Store
2024-10-08T04:56:07+00:00 WARNING Empty patterns received from the PTK Pattern Store
2024-10-08T04:56:35+00:00 WARNING Empty patterns received from the PTK Pattern Store
2024-10-08T04:56:36+00:00 WARNING Empty patterns received from the PTK Pattern Store
2024-10-08T04:57:46+00:00 WARNING Empty patterns received from the PTK Pattern Store
2024-10-08T04:57:47+00:00 WARNING Empty patterns received from the PTK Pattern Store
2024-10-08T04:57:48+00:00 WARNING Empty patterns received from the PTK Pattern Store
2024-10-08T04:57:48+00:00 WARNING Empty patterns received from the PTK Pattern Store
2024-10-08T04:58:02+00:00 WARNING Empty patterns received from the PTK Pattern Store
2024-10-08T04:58:03+00:00 WARNING Empty patterns received from the PTK Pattern Store
2024-10-08T04:58:09+00:00 WARNING Empty patterns received from the PTK Pattern Store
2024-10-08T04:58:36+00:00 WARNING Empty patterns received from the PTK Pattern Store
2024-10-08T04:58:37+00:00 WARNING Empty patterns received from the PTK Pattern Store
2024-10-08T04:58:40+00:00 WARNING Empty patterns received from the PTK Pattern Store
2024-10-08T04:58:42+00:00 WARNING Empty patterns received from the PTK Pattern Store
2024-10-08T04:58:43+00:00 WARNING Empty patterns received from the PTK Pattern Store
2024-10-08T04:58:46+00:00 WARNING Empty patterns received from the PTK Pattern Store
2024-10-08T04:58:47+00:00 WARNING Empty patterns received from the PTK Pattern Store
2024-10-08T04:59:03+00:00 WARNING Empty patterns received from the PTK Pattern Store
2024-10-08T04:59:04+00:00 WARNING Empty patterns received from the PTK Pattern Store
2024-10-08T04:59:05+00:00 WARNING Empty patterns received from the PTK Pattern Store
2024-10-08T04:59:05+00:00 WARNING Empty patterns received from the PTK Pattern Store
2024-10-08T04:59:06+00:00 WARNING Empty patterns received from the PTK Pattern Store
2024-10-08T04:59:12+00:00 WARNING Empty patterns received from the PTK Pattern Store
2024-10-08T04:59:25+00:00 WARNING Empty patterns received from the PTK Pattern Store
2024-10-08T04:59:37+00:00 WARNING Empty patterns received from the PTK Pattern Store
2024-10-08T04:59:46+00:00 WARNING Empty patterns received from the PTK Pattern Store
2024-10-08T04:59:49+00:00 WARNING Empty patterns received from the PTK Pattern Store
2024-10-08T04:59:51+00:00 WARNING Empty patterns received from the PTK Pattern Store
2024-10-08T04:59:51+00:00 WARNING Empty patterns received from the PTK Pattern Store
2024-10-08T04:59:52+00:00 WARNING Empty patterns received from the PTK Pattern Store
2024-10-08T04:59:56+00:00 WARNING Empty patterns received from the PTK Pattern Store
2024-10-08T05:00:25+00:00 WARNING Empty patterns received from the PTK Pattern Store
2024-10-08T05:00:26+00:00 WARNING Empty patterns received from the PTK Pattern Store
2024-10-08T05:00:27+00:00 WARNING Empty patterns received from the PTK Pattern Store
2024-10-08T05:00:35+00:00 WARNING Empty patterns received from the PTK Pattern Store
2024-10-08T05:00:42+00:00 WARNING Empty patterns received from the PTK Pattern Store
2024-10-08T05:00:49+00:00 WARNING Empty patterns received from the PTK Pattern Store
2024-10-08T05:00:53+00:00 WARNING Empty patterns received from the PTK Pattern Store
2024-10-08T05:00:59+00:00 WARNING Empty patterns received from the PTK Pattern Store
2024-10-08T05:01:00+00:00 WARNING Empty patterns received from the PTK Pattern Store
2024-10-08T05:01:31+00:00 WARNING Empty patterns received from the PTK Pattern Store
2024-10-08T05:01:32+00:00 WARNING Empty patterns received from the PTK Pattern Store
2024-10-08T05:01:39+00:00 WARNING Empty patterns received from the PTK Pattern Store
2024-10-08T05:02:39+00:00 WARNING Empty patterns received from the PTK Pattern Store
2024-10-08T05:02:40+00:00 WARNING Empty patterns received from the PTK Pattern Store
2024-10-08T05:02:41+00:00 WARNING Empty patterns received from the PTK Pattern Store
2024-10-08T05:02:41+00:00 WARNING Empty patterns received from the PTK Pattern Store
2024-10-08T05:03:40+00:00 WARNING Empty patterns received from the PTK Pattern Store
2024-10-08T05:03:41+00:00 WARNING Empty patterns received from the PTK Pattern Store
=======
2024-10-08T03:50:49+00:00 INFO Payment gateway enabled: "Cash on delivery"
>>>>>>> 731b8c06f46db5c73c901b559267fc6c0e8fee84
2024-10-08T05:06:42+00:00 WARNING Empty patterns received from the PTK Pattern Store
2024-10-08T05:06:46+00:00 WARNING Empty patterns received from the PTK Pattern Store
2024-10-08T05:06:47+00:00 WARNING Empty patterns received from the PTK Pattern Store
2024-10-08T05:06:49+00:00 WARNING Empty patterns received from the PTK Pattern Store
2024-10-08T05:06:51+00:00 WARNING Empty patterns received from the PTK Pattern Store
2024-10-08T05:07:00+00:00 WARNING Empty patterns received from the PTK Pattern Store
2024-10-08T05:07:02+00:00 WARNING Empty patterns received from the PTK Pattern Store
2024-10-08T05:07:29+00:00 WARNING Empty patterns received from the PTK Pattern Store
2024-10-08T05:07:29+00:00 WARNING Empty patterns received from the PTK Pattern Store
2024-10-08T05:07:30+00:00 WARNING Empty patterns received from the PTK Pattern Store
2024-10-08T05:07:34+00:00 WARNING Empty patterns received from the PTK Pattern Store
2024-10-08T05:07:35+00:00 WARNING Empty patterns received from the PTK Pattern Store
2024-10-08T05:07:37+00:00 WARNING Empty patterns received from the PTK Pattern Store
2024-10-08T05:07:37+00:00 WARNING Empty patterns received from the PTK Pattern Store
2024-10-08T05:07:38+00:00 WARNING Empty patterns received from the PTK Pattern Store
2024-10-08T05:07:41+00:00 WARNING Empty patterns received from the PTK Pattern Store
2024-10-08T05:07:42+00:00 WARNING Empty patterns received from the PTK Pattern Store
2024-10-08T05:07:59+00:00 WARNING Empty patterns received from the PTK Pattern Store
2024-10-08T05:08:00+00:00 WARNING Empty patterns received from the PTK Pattern Store
2024-10-08T05:08:59+00:00 WARNING Empty patterns received from the PTK Pattern Store
2024-10-08T05:09:00+00:00 WARNING Empty patterns received from the PTK Pattern Store
2024-10-08T05:09:02+00:00 WARNING Empty patterns received from the PTK Pattern Store
